library/build/intermediates/manifest_merge_blame_file/release/manifest-merger-blame-release-report.txt
1<?xml version="1.0" encoding="utf-8"?>
2<manifest xmlns:android="http://schemas.android.com/apk/res/android"
3    package="com.loveplusplus.update"
4    android:versionCode="191227"
5    android:versionName="191227" >
6
7    <uses-sdk
8        android:minSdkVersion="23"
8-->src/main/AndroidManifest.xml
9        android:targetSdkVersion="28" />
9-->src/main/AndroidManifest.xml
10
11    <uses-permission android:name="android.permission.INTERNET" />
11-->src/main/AndroidManifest.xml:6:5-67
11-->src/main/AndroidManifest.xml:6:22-64
12    <uses-permission android:name="android.permission.REQUEST_INSTALL_PACKAGES" />
12-->src/main/AndroidManifest.xml:7:5-83
12-->src/main/AndroidManifest.xml:7:22-80
13
14    <application>
14-->src/main/AndroidManifest.xml:9:5-26:19
15        <service
15-->src/main/AndroidManifest.xml:10:9-12:40
16            android:name="com.loveplusplus.update.DownloadService"
16-->src/main/AndroidManifest.xml:11:13-44
17            android:exported="false" />
17-->src/main/AndroidManifest.xml:12:13-37
18
19        <provider
19-->src/main/AndroidManifest.xml:14:9-24:20
20            android:name="com.loveplusplus.update.UpdateApkFileProvider"
20-->src/main/AndroidManifest.xml:15:13-50
21            android:authorities="dollar_openBracket_applicationId_closeBracket.update.provider"
21-->src/main/AndroidManifest.xml:16:13-67
22            android:exported="false"
22-->src/main/AndroidManifest.xml:17:13-37
23            android:grantUriPermissions="true" >
23-->src/main/AndroidManifest.xml:18:13-47
24            <meta-data
24-->src/main/AndroidManifest.xml:20:13-22:60
25                android:name="android.support.FILE_PROVIDER_PATHS"
25-->src/main/AndroidManifest.xml:21:17-67
26                android:resource="@xml/update_apk_paths" />
26-->src/main/AndroidManifest.xml:22:17-57
27        </provider>
28    </application>
29
30</manifest>